<?xml version="1.0" encoding="UTF-8"?>
<!-- Generated by org.testng.reporters.JUnitReportReporter -->
<testsuite hostname="Rithiks-MacBook-Pro.local" failures="0" tests="1" name="com.crm.test.search.verifySearchPaginationResults" time="34.812" errors="0" timestamp="2023-10-21T15:28:26 IST" skipped="0">
  <testcase classname="com.crm.test.search.verifySearchPaginationResults" name="LoginPageTest" time="34.812"/>
</testsuite> <!-- com.crm.test.search.verifySearchPaginationResults -->
