<?xml version="1.0" encoding="UTF-8"?>
<!-- Generated by org.testng.reporters.JUnitReportReporter -->
<testsuite hostname="Rithiks-MacBook-Pro.local" failures="0" tests="1" name="com.crm.test.search.search" time="23.536" errors="0" timestamp="2023-10-21T15:28:26 IST" skipped="0">
  <testcase classname="com.crm.test.search.search" name="LoginPageTest" time="23.536"/>
</testsuite> <!-- com.crm.test.search.search -->
