<?xml version="1.0" encoding="UTF-8"?>
<!-- Generated by org.testng.reporters.JUnitReportReporter -->
<testsuite hostname="Rithiks-MacBook-Pro.local" failures="0" tests="1" name="com.crm.test.cart.verifyProductDisplayedInCart" time="30.594" errors="0" timestamp="2023-10-21T15:28:26 IST" skipped="0">
  <testcase classname="com.crm.test.cart.verifyProductDisplayedInCart" name="LoginPageTest" time="30.594"/>
</testsuite> <!-- com.crm.test.cart.verifyProductDisplayedInCart -->
